<?xml version="1.0" encoding="UTF-8"?>
<!-- Generated by org.testng.reporters.JUnitReportReporter -->
<testsuite hostname="LAPTOP-M0DC3E7R" failures="0" tests="1" name="Test.TestZerodaloginpage" time="12.055" errors="0" timestamp="2022-06-14T00:40:45 IST" skipped="0">
  <testcase classname="Test.TestZerodaloginpage" name="loginwithoutcredential" time="12.055"/>
  <system-out/>
</testsuite> <!-- Test.TestZerodaloginpage -->
