<?xml version="1.0" encoding="UTF-8"?>
<!-- Generated by org.testng.reporters.JUnitReportReporter -->
<testsuite hostname="LAPTOP-M0DC3E7R" failures="0" tests="1" name="Test.Testzerodasignuppage" time="38.717" errors="0" timestamp="2022-06-10T00:28:59 IST" skipped="0">
  <testcase classname="Test.Testzerodasignuppage" name="wanttoopennriaccountlinkTest" time="38.717"/>
  <system-out/>
</testsuite> <!-- Test.Testzerodasignuppage -->
