<?xml version="1.0" encoding="UTF-8"?>
<!-- Generated by org.testng.reporters.JUnitReportReporter -->
<testsuite hostname="LAPTOP-M0DC3E7R" failures="0" tests="1" name="Test.Testzerodahomepage" time="14.708" errors="0" timestamp="2022-06-21T23:51:26 IST" skipped="0">
  <testcase classname="Test.Testzerodahomepage" name="openmarketdepthTest" time="14.708"/>
  <system-out/>
</testsuite> <!-- Test.Testzerodahomepage -->
